# JRE version: OpenJDK Runtime Environment 18.9 (11.0.10+9) (build 11.0.10+9-LTS)
# Java VM: OpenJDK 64-Bit Server VM 18.9 (11.0.10+9-LTS, mixed mode, sharing, tiered, compressed oops, g1 gc, linux-amd64)
Heap:
 garbage-first heap   total 1068032K, used 153288K [0x0000000085c00000, 0x0000000100000000)
  region size 1024K, 30 young (30720K), 30 survivors (30720K)
 Metaspace       used 17103K, capacity 17544K, committed 17792K, reserved 1064960K
  class space    used 2008K, capacity 2160K, committed 2176K, reserved 1048576K
GC Heap History (20 events):
Event: 2.892 GC heap after
{Heap after GC invocations=7 (full 0):
 garbage-first heap   total 171008K, used 35158K [0x0000000085c00000, 0x0000000100000000)
  region size 1024K, 13 young (13312K), 13 survivors (13312K)
 Metaspace       used 17050K, capacity 17480K, committed 17792K, reserved 1064960K
  class space    used 2008K, capacity 2160K, committed 2176K, reserved 1048576K
}
Event: 3.065 GC heap before
{Heap before GC invocations=7 (full 0):
 garbage-first heap   total 171008K, used 124246K [0x0000000085c00000, 0x0000000100000000)
  region size 1024K, 100 young (102400K), 13 survivors (13312K)
 Metaspace       used 17050K, capacity 17480K, committed 17792K, reserved 1064960K
  class space    used 2008K, capacity 2160K, committed 2176K, reserved 1048576K
}
Event: 3.081 GC heap after
{Heap after GC invocations=8 (full 0):
 garbage-first heap   total 171008K, used 41899K [0x0000000085c00000, 0x0000000100000000)
  region size 1024K, 13 young (13312K), 13 survivors (13312K)
 Metaspace       used 17050K, capacity 17480K, committed 17792K, reserved 1064960K
  class space    used 2008K, capacity 2160K, committed 2176K, reserved 1048576K
}
Event: 3.205 GC heap before
{Heap before GC invocations=8 (full 0):
 garbage-first heap   total 171008K, used 130987K [0x0000000085c00000, 0x0000000100000000)
  region size 1024K, 100 young (102400K), 13 survivors (13312K)
 Metaspace       used 17075K, capacity 17480K, committed 17792K, reserved 1064960K
  class space    used 2008K, capacity 2160K, committed 2176K, reserved 1048576K
}
Event: 3.220 GC heap after
{Heap after GC invocations=9 (full 0):
 garbage-first heap   total 268288K, used 49135K [0x0000000085c00000, 0x0000000100000000)
  region size 1024K, 13 young (13312K), 13 survivors (13312K)
 Metaspace       used 17075K, capacity 17480K, committed 17792K, reserved 1064960K
  class space    used 2008K, capacity 2160K, committed 2176K, reserved 1048576K
}
Event: 3.431 GC heap before
{Heap before GC invocations=9 (full 0):
 garbage-first heap   total 268288K, used 164847K [0x0000000085c00000, 0x0000000100000000)
  region size 1024K, 126 young (129024K), 13 survivors (13312K)
 Metaspace       used 17075K, capacity 17480K, committed 17792K, reserved 1064960K
  class space    used 2008K, capacity 2160K, committed 2176K, reserved 1048576K
}
Event: 3.449 GC heap after
{Heap after GC invocations=10 (full 0):
 garbage-first heap   total 268288K, used 59012K [0x0000000085c00000, 0x0000000100000000)
  region size 1024K, 16 young (16384K), 16 survivors (16384K)
 Metaspace       used 17075K, capacity 17480K, committed 17792K, reserved 1064960K
  class space    used 2008K, capacity 2160K, committed 2176K, reserved 1048576K
}
Event: 3.586 GC heap before
{Heap before GC invocations=10 (full 0):
 garbage-first heap   total 268288K, used 184964K [0x0000000085c00000, 0x0000000100000000)
  region size 1024K, 139 young (142336K), 16 survivors (16384K)
 Metaspace       used 17080K, capacity 17480K, committed 17792K, reserved 1064960K
  class space    used 2008K, capacity 2160K, committed 2176K, reserved 1048576K
}
Event: 3.609 GC heap after
{Heap after GC invocations=11 (full 0):
 garbage-first heap   total 268288K, used 67905K [0x0000000085c00000, 0x0000000100000000)
  region size 1024K, 18 young (18432K), 18 survivors (18432K)
 Metaspace       used 17080K, capacity 17480K, committed 17792K, reserved 1064960K
  class space    used 2008K, capacity 2160K, committed 2176K, reserved 1048576K
}
Event: 3.746 GC heap before
{Heap before GC invocations=11 (full 0):
 garbage-first heap   total 268288K, used 198977K [0x0000000085c00000, 0x0000000100000000)
  region size 1024K, 146 young (149504K), 18 survivors (18432K)
 Metaspace       used 17080K, capacity 17480K, committed 17792K, reserved 1064960K
  class space    used 2008K, capacity 2160K, committed 2176K, reserved 1048576K
}
Event: 3.766 GC heap after
{Heap after GC invocations=12 (full 0):
 garbage-first heap   total 268288K, used 78487K [0x0000000085c00000, 0x0000000100000000)
  region size 1024K, 19 young (19456K), 19 survivors (19456K)
 Metaspace       used 17080K, capacity 17480K, committed 17792K, reserved 1064960K
  class space    used 2008K, capacity 2160K, committed 2176K, reserved 1048576K
}
Event: 3.860 GC heap before
{Heap before GC invocations=12 (full 0):
 garbage-first heap   total 268288K, used 208535K [0x0000000085c00000, 0x0000000100000000)
  region size 1024K, 146 young (149504K), 19 survivors (19456K)
 Metaspace       used 17080K, capacity 17480K, committed 17792K, reserved 1064960K
  class space    used 2008K, capacity 2160K, committed 2176K, reserved 1048576K
}
Event: 3.882 GC heap after
{Heap after GC invocations=13 (full 0):
 garbage-first heap   total 443392K, used 88776K [0x0000000085c00000, 0x0000000100000000)
  region size 1024K, 19 young (19456K), 19 survivors (19456K)
 Metaspace       used 17080K, capacity 17480K, committed 17792K, reserved 1064960K
  class space    used 2008K, capacity 2160K, committed 2176K, reserved 1048576K
}
Event: 4.156 GC heap before
{Heap before GC invocations=13 (full 0):
 garbage-first heap   total 443392K, used 265928K [0x0000000085c00000, 0x0000000100000000)
  region size 1024K, 191 young (195584K), 19 survivors (19456K)
 Metaspace       used 17100K, capacity 17544K, committed 17792K, reserved 1064960K
  class space    used 2008K, capacity 2160K, committed 2176K, reserved 1048576K
}
Event: 4.203 GC heap after
{Heap after GC invocations=14 (full 0):
 garbage-first heap   total 443392K, used 104079K [0x0000000085c00000, 0x0000000100000000)
  region size 1024K, 23 young (23552K), 23 survivors (23552K)
 Metaspace       used 17100K, capacity 17544K, committed 17792K, reserved 1064960K
  class space    used 2008K, capacity 2160K, committed 2176K, reserved 1048576K
}
Event: 4.496 GC heap before
{Heap before GC invocations=14 (full 0):
 garbage-first heap   total 443392K, used 301711K [0x0000000085c00000, 0x0000000100000000)
  region size 1024K, 216 young (221184K), 23 survivors (23552K)
 Metaspace       used 17101K, capacity 17544K, committed 17792K, reserved 1064960K
  class space    used 2008K, capacity 2160K, committed 2176K, reserved 1048576K
}
Event: 4.575 GC heap after
{Heap after GC invocations=15 (full 0):
 garbage-first heap   total 443392K, used 119419K [0x0000000085c00000, 0x0000000100000000)
  region size 1024K, 27 young (27648K), 27 survivors (27648K)
 Metaspace       used 17101K, capacity 17544K, committed 17792K, reserved 1064960K
  class space    used 2008K, capacity 2160K, committed 2176K, reserved 1048576K
}
Event: 4.968 GC heap before
{Heap before GC invocations=15 (full 0):
 garbage-first heap   total 443392K, used 328315K [0x0000000085c00000, 0x0000000100000000)
  region size 1024K, 231 young (236544K), 27 survivors (27648K)
 Metaspace       used 17101K, capacity 17544K, committed 17792K, reserved 1064960K
  class space    used 2008K, capacity 2160K, committed 2176K, reserved 1048576K
}
Event: 5.114 GC heap after
{Heap after GC invocations=16 (full 0):
 garbage-first heap   total 443392K, used 135880K [0x0000000085c00000, 0x0000000100000000)
  region size 1024K, 29 young (29696K), 29 survivors (29696K)
 Metaspace       used 17101K, capacity 17544K, committed 17792K, reserved 1064960K
  class space    used 2008K, capacity 2160K, committed 2176K, reserved 1048576K
}
Event: 5.573 GC heap before
{Heap before GC invocations=16 (full 0):
 garbage-first heap   total 443392K, used 345800K [0x0000000085c00000, 0x0000000100000000)
  region size 1024K, 233 young (238592K), 29 survivors (29696K)
 Metaspace       used 17103K, capacity 17544K, committed 17792K, reserved 1064960K
  class space    used 2008K, capacity 2160K, committed 2176K, reserved 1048576K
}

